l_full
780

real	0m0.379s
user	0m0.304s
sys	0m0.006s

l_half
812

real	0m0.203s
user	0m0.198s
sys	0m0.004s

l_sparse
1711

real	0m0.025s
user	0m0.022s
sys	0m0.002s

l_v_sparse
937

real	0m0.016s
user	0m0.014s
sys	0m0.001s

m_full
75

real	0m0.008s
user	0m0.007s
sys	0m0.001s

m_half
71

real	0m0.007s
user	0m0.004s
sys	0m0.002s

m_sparse
287

real	0m0.004s
user	0m0.002s
sys	0m0.001s

m_v_sparse
99

real	0m0.003s
user	0m0.001s
sys	0m0.001s

s_full
9

real	0m0.003s
user	0m0.001s
sys	0m0.001s

s_half
13

real	0m0.003s
user	0m0.001s
sys	0m0.001s

s_sparse
19

real	0m0.003s
user	0m0.000s
sys	0m0.002s

s_v_sparse
10

real	0m0.003s
user	0m0.002s
sys	0m0.001s

x_full
9064

real	0m31.962s
user	0m31.584s
sys	0m0.356s

x_half
9996

real	0m19.370s
user	0m19.027s
sys	0m0.300s

x_sparse
34077

real	0m2.753s
user	0m2.572s
sys	0m0.178s

x_v_sparse
9866

real	0m1.285s
user	0m1.110s
sys	0m0.174s

