l_full
780

real	0m0.269s
user	0m0.250s
sys	0m0.010s

l_half
812

real	0m0.152s
user	0m0.153s
sys	0m0.005s

l_sparse
1711

real	0m0.016s
user	0m0.031s
sys	0m0.006s

l_v_sparse
937

real	0m0.014s
user	0m0.020s
sys	0m0.003s

m_full
75

real	0m0.006s
user	0m0.004s
sys	0m0.001s

m_half
71

real	0m0.005s
user	0m0.003s
sys	0m0.001s

m_sparse
287

real	0m0.004s
user	0m0.001s
sys	0m0.003s

m_v_sparse
99

real	0m0.004s
user	0m0.001s
sys	0m0.002s

s_full
9

real	0m0.003s
user	0m0.001s
sys	0m0.002s

s_half
13

real	0m0.003s
user	0m0.001s
sys	0m0.001s

s_sparse
19

real	0m0.003s
user	0m0.002s
sys	0m0.001s

s_v_sparse
10

real	0m0.003s
user	0m0.002s
sys	0m0.001s

x_full
9064

real	0m31.708s
user	0m31.850s
sys	0m0.588s

x_half
9996

real	0m18.819s
user	0m19.036s
sys	0m0.505s

x_sparse
34077

real	0m3.283s
user	0m3.654s
sys	0m0.382s

x_v_sparse
9866

real	0m0.921s
user	0m1.602s
sys	0m0.376s

