l_full
780

real	0m0.319s
user	0m0.245s
sys	0m0.004s

l_half
812

real	0m0.162s
user	0m0.146s
sys	0m0.004s

l_sparse
1711

real	0m0.026s
user	0m0.023s
sys	0m0.002s

l_v_sparse
937

real	0m0.020s
user	0m0.017s
sys	0m0.001s

m_full
75

real	0m0.040s
user	0m0.003s
sys	0m0.001s

m_half
71

real	0m0.015s
user	0m0.002s
sys	0m0.002s

m_sparse
287

real	0m0.023s
user	0m0.000s
sys	0m0.002s

m_v_sparse
99

real	0m0.004s
user	0m0.001s
sys	0m0.001s

s_full
9

real	0m0.004s
user	0m0.001s
sys	0m0.002s

s_half
13

real	0m0.003s
user	0m0.001s
sys	0m0.001s

s_sparse
19

real	0m0.003s
user	0m0.001s
sys	0m0.001s

s_v_sparse
10

real	0m0.003s
user	0m0.001s
sys	0m0.001s

x_full
9064

real	0m30.330s
user	0m29.904s
sys	0m0.380s

x_half
9996

real	0m18.649s
user	0m18.376s
sys	0m0.257s

x_sparse
34077

real	0m3.557s
user	0m3.376s
sys	0m0.164s

x_v_sparse
9866

real	0m3.057s
user	0m2.867s
sys	0m0.175s

